<?xml version="1.0" encoding="UTF-8"?>
<!-- Generated by org.testng.reporters.JUnitXMLReporter -->
<testsuite ignored="0" hostname="Trojan" failures="0" tests="4" name="Test" time="56.677" errors="0" timestamp="2021-03-15T21:58:00 IST">
  <testcase classname="Academy.ValidateNavigationBar" name="basePageNavigation" time="6.016"/>
  <testcase classname="Academy.Homepage" name="basePageNavigation" time="10.885"/>
  <testcase classname="Academy.Homepage" name="basePageNavigation" time="10.167"/>
  <testcase classname="Academy.ValidateTitle" name="basePageNavigation" time="6.55"/>
</testsuite> <!-- Test -->
