<?xml version="1.0" encoding="UTF-8"?>
<testng-results ignored="0" total="2" passed="2" failed="0" skipped="0">
  <reporter-output>
  </reporter-output>
  <suite started-at="2021-03-18T09:50:06 IST" name="Default suite" finished-at="2021-03-18T09:50:37 IST" duration-ms="31103">
    <groups>
    </groups>
    <test started-at="2021-03-18T09:50:06 IST" name="Default test" finished-at="2021-03-18T09:50:37 IST" duration-ms="31103">
      <class name="Academy.Homepage">
        <test-method is-config="true" signature="intialize()[pri:0, instance:Academy.Homepage@50ecde95]" started-at="2021-03-18T09:50:06 IST" name="intialize" finished-at="2021-03-18T09:50:09 IST" duration-ms="2359" status="PASS">
          <reporter-output>
          </reporter-output>
        </test-method> <!-- intialize -->
        <test-method signature="basePageNavigation(java.lang.String,java.lang.String,java.lang.String)[pri:0, instance:Academy.Homepage@50ecde95]" started-at="2021-03-18T09:50:09 IST" name="basePageNavigation" data-provider="getData" finished-at="2021-03-18T09:50:24 IST" duration-ms="15210" status="PASS">
          <params>
            <param index="0">
              <value>
                <![CDATA[nonrestricteduser@qw.com]]>
              </value>
            </param>
            <param index="1">
              <value>
                <![CDATA[1234567]]>
              </value>
            </param>
            <param index="2">
              <value>
                <![CDATA[restricted User]]>
              </value>
            </param>
          </params>
          <reporter-output>
          </reporter-output>
        </test-method> <!-- basePageNavigation -->
        <test-method signature="basePageNavigation(java.lang.String,java.lang.String,java.lang.String)[pri:0, instance:Academy.Homepage@50ecde95]" started-at="2021-03-18T09:50:24 IST" name="basePageNavigation" data-provider="getData" finished-at="2021-03-18T09:50:37 IST" duration-ms="13221" status="PASS">
          <params>
            <param index="0">
              <value>
                <![CDATA[restricteduser@gmail.com]]>
              </value>
            </param>
            <param index="1">
              <value>
                <![CDATA[76543221]]>
              </value>
            </param>
            <param index="2">
              <value>
                <![CDATA[NonRestricted User]]>
              </value>
            </param>
          </params>
          <reporter-output>
          </reporter-output>
        </test-method> <!-- basePageNavigation -->
        <test-method is-config="true" signature="tearDown()[pri:0, instance:Academy.Homepage@50ecde95]" started-at="2021-03-18T09:50:37 IST" name="tearDown" finished-at="2021-03-18T09:50:37 IST" duration-ms="221" status="PASS">
          <reporter-output>
          </reporter-output>
        </test-method> <!-- tearDown -->
      </class> <!-- Academy.Homepage -->
    </test> <!-- Default test -->
  </suite> <!-- Default suite -->
</testng-results>
